
> storybook-design-sample@1.0.0 build-storybook
> storybook build -c storybook --output-dir=/private/var/folders/2x/3z1h19wx5pzdws914_zwlvz80000gn/T/chromatic--63001-s7qzNdyz2I7V

[1m@storybook/core v8.6.18
[22m
info => Cleaning outputDir: [36m../../../../../../../../../private/var/folders/2x/3z1h19wx5pzdws914_zwlvz80000gn/T/chromatic--63001-s7qzNdyz2I7V[39m
info => Loading presets
info => Building manager..
info => Manager built ([38;2;181;126;229m63 ms[39m)
info => Building preview..
WARN No story files found for the specified pattern: [34mstorybook/stories/**/*.mdx[39m
[36mvite v6.4.2 [32mbuilding for production...[36m[39m
transforming...
[32m✓[39m 125 modules transformed.
rendering chunks...
computing gzip size...
[2m../../../../../../../../../private/var/folders/2x/3z1h19wx5pzdws914_zwlvz80000gn/T/chromatic--63001-s7qzNdyz2I7V/[22m[32miframe.html                                 [39m[1m[2m 17.81 kB[22m[1m[22m[2m │ gzip:   5.00 kB[22m
[2m../../../../../../../../../private/var/folders/2x/3z1h19wx5pzdws914_zwlvz80000gn/T/chromatic--63001-s7qzNdyz2I7V/[22m[2massets/[22m[35mpreview-CDrragcn.css                 [39m[1m[2m  5.22 kB[22m[1m[22m[2m │ gzip:   1.57 kB[22m
[2m../../../../../../../../../private/var/folders/2x/3z1h19wx5pzdws914_zwlvz80000gn/T/chromatic--63001-s7qzNdyz2I7V/[22m[2massets/[22m[36m_commonjsHelpers-CqkleIqs.js         [39m[1m[2m  0.12 kB[22m[1m[22m[2m │ gzip:   0.13 kB[22m
[2m../../../../../../../../../private/var/folders/2x/3z1h19wx5pzdws914_zwlvz80000gn/T/chromatic--63001-s7qzNdyz2I7V/[22m[2massets/[22m[36mpreview-CpxUJtvF.js                  [39m[1m[2m  0.17 kB[22m[1m[22m[2m │ gzip:   0.16 kB[22m
[2m../../../../../../../../../private/var/folders/2x/3z1h19wx5pzdws914_zwlvz80000gn/T/chromatic--63001-s7qzNdyz2I7V/[22m[2massets/[22m[36mclient-BI9dqGTm.js                   [39m[1m[2m  0.18 kB[22m[1m[22m[2m │ gzip:   0.15 kB[22m
[2m../../../../../../../../../private/var/folders/2x/3z1h19wx5pzdws914_zwlvz80000gn/T/chromatic--63001-s7qzNdyz2I7V/[22m[2massets/[22m[36mpreview-CvbIS5ZJ.js                  [39m[1m[2m  0.18 kB[22m[1m[22m[2m │ gzip:   0.16 kB[22m
[2m../../../../../../../../../private/var/folders/2x/3z1h19wx5pzdws914_zwlvz80000gn/T/chromatic--63001-s7qzNdyz2I7V/[22m[2massets/[22m[36mindex-BhrQtDbT.js                    [39m[1m[2m  0.49 kB[22m[1m[22m[2m │ gzip:   0.31 kB[22m
[2m../../../../../../../../../private/var/folders/2x/3z1h19wx5pzdws914_zwlvz80000gn/T/chromatic--63001-s7qzNdyz2I7V/[22m[2massets/[22m[36mindex-Dx_1l3Sb.js                    [39m[1m[2m  0.52 kB[22m[1m[22m[2m │ gzip:   0.37 kB[22m
[2m../../../../../../../../../private/var/folders/2x/3z1h19wx5pzdws914_zwlvz80000gn/T/chromatic--63001-s7qzNdyz2I7V/[22m[2massets/[22m[36mchunk-XP5HYGXS-rhzvizV_.js           [39m[1m[2m  0.71 kB[22m[1m[22m[2m │ gzip:   0.40 kB[22m
[2m../../../../../../../../../private/var/folders/2x/3z1h19wx5pzdws914_zwlvz80000gn/T/chromatic--63001-s7qzNdyz2I7V/[22m[2massets/[22m[36mpreview-DGUiP6tS.js                  [39m[1m[2m  0.71 kB[22m[1m[22m[2m │ gzip:   0.50 kB[22m
[2m../../../../../../../../../private/var/folders/2x/3z1h19wx5pzdws914_zwlvz80000gn/T/chromatic--63001-s7qzNdyz2I7V/[22m[2massets/[22m[36mindex-DrFu-skq.js                    [39m[1m[2m  0.77 kB[22m[1m[22m[2m │ gzip:   0.47 kB[22m
[2m../../../../../../../../../private/var/folders/2x/3z1h19wx5pzdws914_zwlvz80000gn/T/chromatic--63001-s7qzNdyz2I7V/[22m[2massets/[22m[36mreact-18-Dcjcz1Sq.js                 [39m[1m[2m  0.87 kB[22m[1m[22m[2m │ gzip:   0.51 kB[22m
[2m../../../../../../../../../private/var/folders/2x/3z1h19wx5pzdws914_zwlvz80000gn/T/chromatic--63001-s7qzNdyz2I7V/[22m[2massets/[22m[36mindex-Co38GRlK.js                    [39m[1m[2m  0.94 kB[22m[1m[22m[2m │ gzip:   0.57 kB[22m
[2m../../../../../../../../../private/var/folders/2x/3z1h19wx5pzdws914_zwlvz80000gn/T/chromatic--63001-s7qzNdyz2I7V/[22m[2massets/[22m[36mpreview-D2ZUIMFC.js                  [39m[1m[2m  0.95 kB[22m[1m[22m[2m │ gzip:   0.60 kB[22m
[2m../../../../../../../../../private/var/folders/2x/3z1h19wx5pzdws914_zwlvz80000gn/T/chromatic--63001-s7qzNdyz2I7V/[22m[2massets/[22m[36mjsx-runtime-Cf8x2fCZ.js              [39m[1m[2m  1.00 kB[22m[1m[22m[2m │ gzip:   0.62 kB[22m
[2m../../../../../../../../../private/var/folders/2x/3z1h19wx5pzdws914_zwlvz80000gn/T/chromatic--63001-s7qzNdyz2I7V/[22m[2massets/[22m[36mBadge.stories-GSOubcXZ.js            [39m[1m[2m  1.95 kB[22m[1m[22m[2m │ gzip:   0.80 kB[22m
[2m../../../../../../../../../private/var/folders/2x/3z1h19wx5pzdws914_zwlvz80000gn/T/chromatic--63001-s7qzNdyz2I7V/[22m[2massets/[22m[36mpreview-BTtkfDaG.js                  [39m[1m[2m  2.22 kB[22m[1m[22m[2m │ gzip:   1.21 kB[22m
[2m../../../../../../../../../private/var/folders/2x/3z1h19wx5pzdws914_zwlvz80000gn/T/chromatic--63001-s7qzNdyz2I7V/[22m[2massets/[22m[36mDesignTokenCard.stories-C3wUwbz6.js  [39m[1m[2m  2.42 kB[22m[1m[22m[2m │ gzip:   0.95 kB[22m
[2m../../../../../../../../../private/var/folders/2x/3z1h19wx5pzdws914_zwlvz80000gn/T/chromatic--63001-s7qzNdyz2I7V/[22m[2massets/[22m[36mButton.stories---VaVxhF.js           [39m[1m[2m  2.56 kB[22m[1m[22m[2m │ gzip:   0.93 kB[22m
[2m../../../../../../../../../private/var/folders/2x/3z1h19wx5pzdws914_zwlvz80000gn/T/chromatic--63001-s7qzNdyz2I7V/[22m[2massets/[22m[36mPanel.stories-Bx-hPG5E.js            [39m[1m[2m  2.79 kB[22m[1m[22m[2m │ gzip:   1.09 kB[22m
[2m../../../../../../../../../private/var/folders/2x/3z1h19wx5pzdws914_zwlvz80000gn/T/chromatic--63001-s7qzNdyz2I7V/[22m[2massets/[22m[36mpreview-DD_OYowb.js                  [39m[1m[2m  3.51 kB[22m[1m[22m[2m │ gzip:   1.69 kB[22m
[2m../../../../../../../../../private/var/folders/2x/3z1h19wx5pzdws914_zwlvz80000gn/T/chromatic--63001-s7qzNdyz2I7V/[22m[2massets/[22m[36mCoverSlide.stories-Csb8pftm.js       [39m[1m[2m  3.98 kB[22m[1m[22m[2m │ gzip:   1.36 kB[22m
[2m../../../../../../../../../private/var/folders/2x/3z1h19wx5pzdws914_zwlvz80000gn/T/chromatic--63001-s7qzNdyz2I7V/[22m[2massets/[22m[36mpreview-B8lJiyuQ.js                  [39m[1m[2m  5.06 kB[22m[1m[22m[2m │ gzip:   1.88 kB[22m
[2m../../../../../../../../../private/var/folders/2x/3z1h19wx5pzdws914_zwlvz80000gn/T/chromatic--63001-s7qzNdyz2I7V/[22m[2massets/[22m[36mindex-yBjzXJbu.js                    [39m[1m[2m  6.79 kB[22m[1m[22m[2m │ gzip:   2.72 kB[22m
[2m../../../../../../../../../private/var/folders/2x/3z1h19wx5pzdws914_zwlvz80000gn/T/chromatic--63001-s7qzNdyz2I7V/[22m[2massets/[22m[36mpreview-BWzBA1C2.js                  [39m[1m[2m  7.62 kB[22m[1m[22m[2m │ gzip:   1.56 kB[22m
[2m../../../../../../../../../private/var/folders/2x/3z1h19wx5pzdws914_zwlvz80000gn/T/chromatic--63001-s7qzNdyz2I7V/[22m[2massets/[22m[36mpreview-BBWR9nbA.js                  [39m[1m[2m  8.12 kB[22m[1m[22m[2m │ gzip:   3.10 kB[22m
[2m../../../../../../../../../private/var/folders/2x/3z1h19wx5pzdws914_zwlvz80000gn/T/chromatic--63001-s7qzNdyz2I7V/[22m[2massets/[22m[36mtest-utils-CwmFgXWS.js               [39m[1m[2m 13.09 kB[22m[1m[22m[2m │ gzip:   5.11 kB[22m
[2m../../../../../../../../../private/var/folders/2x/3z1h19wx5pzdws914_zwlvz80000gn/T/chromatic--63001-s7qzNdyz2I7V/[22m[2massets/[22m[36mColor-YHDXOIA2-ucfLfLNR.js           [39m[1m[2m 29.41 kB[22m[1m[22m[2m │ gzip:  11.08 kB[22m
[2m../../../../../../../../../private/var/folders/2x/3z1h19wx5pzdws914_zwlvz80000gn/T/chromatic--63001-s7qzNdyz2I7V/[22m[2massets/[22m[36mmatchers-7Z3WT2CE-T3xScrR7.js        [39m[1m[2m 29.81 kB[22m[1m[22m[2m │ gzip:  10.30 kB[22m
[2m../../../../../../../../../private/var/folders/2x/3z1h19wx5pzdws914_zwlvz80000gn/T/chromatic--63001-s7qzNdyz2I7V/[22m[2massets/[22m[36mentry-preview-CXfjqzAG.js            [39m[1m[2m 29.90 kB[22m[1m[22m[2m │ gzip:   9.57 kB[22m
[2m../../../../../../../../../private/var/folders/2x/3z1h19wx5pzdws914_zwlvz80000gn/T/chromatic--63001-s7qzNdyz2I7V/[22m[2massets/[22m[36mindex-B3ijS-tw.js                    [39m[1m[2m 57.15 kB[22m[1m[22m[2m │ gzip:  16.28 kB[22m
[2m../../../../../../../../../private/var/folders/2x/3z1h19wx5pzdws914_zwlvz80000gn/T/chromatic--63001-s7qzNdyz2I7V/[22m[2massets/[22m[36mindex-B6ujFmsw.js                    [39m[1m[2m134.66 kB[22m[1m[22m[2m │ gzip:  43.22 kB[22m
[2m../../../../../../../../../private/var/folders/2x/3z1h19wx5pzdws914_zwlvz80000gn/T/chromatic--63001-s7qzNdyz2I7V/[22m[2massets/[22m[36miframe-C1oeyV-n.js                   [39m[1m[2m212.90 kB[22m[1m[22m[2m │ gzip:  71.94 kB[22m
[2m../../../../../../../../../private/var/folders/2x/3z1h19wx5pzdws914_zwlvz80000gn/T/chromatic--63001-s7qzNdyz2I7V/[22m[2massets/[22m[36mentry-preview-docs-CFqWO3eK.js       [39m[1m[2m247.15 kB[22m[1m[22m[2m │ gzip:  73.46 kB[22m
[2m../../../../../../../../../private/var/folders/2x/3z1h19wx5pzdws914_zwlvz80000gn/T/chromatic--63001-s7qzNdyz2I7V/[22m[2massets/[22m[36maxe-CUlVnbJO.js                      [39m[1m[33m583.99 kB[39m[22m[2m │ gzip: 160.89 kB[22m
[2m../../../../../../../../../private/var/folders/2x/3z1h19wx5pzdws914_zwlvz80000gn/T/chromatic--63001-s7qzNdyz2I7V/[22m[2massets/[22m[36mpreview-BIuR4HGU.js                  [39m[1m[33m660.73 kB[39m[22m[2m │ gzip: 156.59 kB[22m
[2m../../../../../../../../../private/var/folders/2x/3z1h19wx5pzdws914_zwlvz80000gn/T/chromatic--63001-s7qzNdyz2I7V/[22m[2massets/[22m[36mindex-DH-M5T-F.js                    [39m[1m[33m662.49 kB[39m[22m[2m │ gzip: 157.07 kB[22m
[2m../../../../../../../../../private/var/folders/2x/3z1h19wx5pzdws914_zwlvz80000gn/T/chromatic--63001-s7qzNdyz2I7V/[22m[2massets/[22m[36mDocsRenderer-CFRXHY34-DkTLxcO0.js    [39m[1m[33m888.28 kB[39m[22m[2m │ gzip: 275.91 kB[22m
[32m✓ built in 2.58s[39m
info => Preview built ([38;2;181;126;229m2.88 s[39m)
info => Output directory: /private/var/folders/2x/3z1h19wx5pzdws914_zwlvz80000gn/T/chromatic--63001-s7qzNdyz2I7V
